<?xml version="1.0" encoding="UTF-8"?>
<testng-results ignored="0" total="1" passed="1" failed="0" skipped="0">
  <reporter-output>
  </reporter-output>
  <suite started-at="2021-01-28T10:06:03 IST" name="Suite1" finished-at="2021-01-28T10:06:11 IST" duration-ms="7840">
    <groups>
    </groups>
    <test started-at="2021-01-28T10:06:03 IST" name="phptest" finished-at="2021-01-28T10:06:11 IST" duration-ms="7840">
      <class name="tc.projectchomepage">
        <test-method signature="phphometest()[pri:0, instance:tc.projectchomepage@33990a0c]" started-at="2021-01-28T10:06:03 IST" name="phphometest" finished-at="2021-01-28T10:06:11 IST" duration-ms="7784" status="PASS">
          <reporter-output>
          </reporter-output>
        </test-method> <!-- phphometest -->
      </class> <!-- tc.projectchomepage -->
    </test> <!-- phptest -->
  </suite> <!-- Suite1 -->
</testng-results>
